0 info it worked if it ends with ok
1 verbose cli [ 'node', '/usr/local/bin/npm', 'version', 'minor' ]
2 info using npm@2.10.1
3 info using node@v0.12.2
4 verbose node symlink /usr/local/bin/node
5 info git [ 'status', '--porcelain' ]
6 verbose stack Error: Git working directory not clean.
6 verbose stack M __tests__/memoize.js
6 verbose stack M examples/memoize.js
6 verbose stack M examples/ser_memoize.js
6 verbose stack M examples/serialize.js
6 verbose stack D index.js
6 verbose stack M package.json
6 verbose stack     at /usr/local/lib/node_modules/npm/lib/version.js:138:37
6 verbose stack     at ChildProcess.exithandler (child_process.js:742:7)
6 verbose stack     at ChildProcess.emit (events.js:110:17)
6 verbose stack     at maybeClose (child_process.js:1015:16)
6 verbose stack     at Socket.<anonymous> (child_process.js:1183:11)
6 verbose stack     at Socket.emit (events.js:107:17)
6 verbose stack     at Pipe.close (net.js:485:12)
7 verbose cwd /Users/ice/ext/npm/async-decorators/scripts
8 error Darwin 14.4.0
9 error argv "node" "/usr/local/bin/npm" "version" "minor"
10 error node v0.12.2
11 error npm  v2.10.1
12 error Git working directory not clean.
12 error M __tests__/memoize.js
12 error M examples/memoize.js
12 error M examples/ser_memoize.js
12 error M examples/serialize.js
12 error D index.js
12 error M package.json
13 error If you need help, you may report this error at:
13 error     <https://github.com/npm/npm/issues>
14 verbose exit [ 1, true ]
